app/build/intermediates/manifest_merge_blame_file/release/manifest-merger-blame-release-report.txt
1<?xml version="1.0" encoding="utf-8"?>
2<manifest xmlns:android="http://schemas.android.com/apk/res/android"
3    package="com.mediacomputer.webtn"
4    android:versionCode="3"
5    android:versionName="3.0" >
6
7    <uses-sdk
8        android:minSdkVersion="21"
8-->src/main/AndroidManifest.xml
9        android:targetSdkVersion="29" />
9-->src/main/AndroidManifest.xml
10
11    <uses-permission android:name="android.permission.INTERNET" />
11-->src/main/AndroidManifest.xml:4:5-67
11-->src/main/AndroidManifest.xml:4:22-64
12    <uses-permission android:name="android.permission.ACCESS_NETWORK_STATE" />
12-->src/main/AndroidManifest.xml:5:5-79
12-->src/main/AndroidManifest.xml:5:22-76
13    <uses-permission android:name="android.permission.WRITE_EXTERNAL_STORAGE" />
13-->src/main/AndroidManifest.xml:6:5-81
13-->src/main/AndroidManifest.xml:6:22-78
14    <uses-permission android:name="android.permission.READ_EXTERNAL_STORAGE" />
14-->src/main/AndroidManifest.xml:7:5-80
14-->src/main/AndroidManifest.xml:7:22-77
15
16    <application
16-->src/main/AndroidManifest.xml:9:5-24:19
17        android:allowBackup="true"
17-->src/main/AndroidManifest.xml:11:9-35
18        android:appComponentFactory="androidx.core.app.CoreComponentFactory"
18-->[androidx.core:core:1.0.0] AndroidManifest.xml:22:18-86
19        android:icon="@mipmap/ic_launcher"
19-->src/main/AndroidManifest.xml:12:9-43
20        android:label="Tani Niaga"
20-->src/main/AndroidManifest.xml:13:9-35
21        android:roundIcon="@mipmap/ic_launcher_round"
21-->src/main/AndroidManifest.xml:14:9-54
22        android:supportsRtl="true"
22-->src/main/AndroidManifest.xml:15:9-35
23        android:theme="@style/AppTheme"
23-->src/main/AndroidManifest.xml:16:9-40
24        android:usesCleartextTraffic="true" >
24-->src/main/AndroidManifest.xml:10:9-44
25        <activity android:name="mediacomputer.webtn.MainActivity" >
25-->src/main/AndroidManifest.xml:17:9-23:20
25-->src/main/AndroidManifest.xml:17:19-47
26            <intent-filter>
26-->src/main/AndroidManifest.xml:18:13-22:29
27                <action android:name="android.intent.action.MAIN" />
27-->src/main/AndroidManifest.xml:19:17-69
27-->src/main/AndroidManifest.xml:19:25-66
28
29                <category android:name="android.intent.category.LAUNCHER" />
29-->src/main/AndroidManifest.xml:21:17-77
29-->src/main/AndroidManifest.xml:21:27-74
30            </intent-filter>
31        </activity>
32        <!-- The activity will be merged into the manifest of the hosting app. -->
33        <activity
33-->[com.google.android.play:core:1.6.4] AndroidManifest.xml:8:5-271
34            android:name="com.google.android.play.core.missingsplits.PlayCoreMissingSplitsActivity"
34-->[com.google.android.play:core:1.6.4] AndroidManifest.xml:8:15-102
35            android:enabled="false"
35-->[com.google.android.play:core:1.6.4] AndroidManifest.xml:8:103-126
36            android:exported="false"
36-->[com.google.android.play:core:1.6.4] AndroidManifest.xml:8:127-151
37            android:launchMode="singleInstance"
37-->[com.google.android.play:core:1.6.4] AndroidManifest.xml:8:204-239
38            android:process=":playcore_missing_splits_activity"
38-->[com.google.android.play:core:1.6.4] AndroidManifest.xml:8:152-203
39            android:stateNotNeeded="true" />
39-->[com.google.android.play:core:1.6.4] AndroidManifest.xml:8:240-269
40        <activity
40-->[com.google.android.play:core:1.6.4] AndroidManifest.xml:9:5-278
41            android:name="com.google.android.play.core.common.PlayCoreDialogWrapperActivity"
41-->[com.google.android.play:core:1.6.4] AndroidManifest.xml:9:15-95
42            android:enabled="false"
42-->[com.google.android.play:core:1.6.4] AndroidManifest.xml:9:96-119
43            android:exported="false"
43-->[com.google.android.play:core:1.6.4] AndroidManifest.xml:9:120-144
44            android:process=":playcore_dialog_wrapper_activity"
44-->[com.google.android.play:core:1.6.4] AndroidManifest.xml:9:175-226
45            android:stateNotNeeded="true"
45-->[com.google.android.play:core:1.6.4] AndroidManifest.xml:9:145-174
46            android:theme="@style/Theme.PlayCore.Transparent" />
46-->[com.google.android.play:core:1.6.4] AndroidManifest.xml:9:227-276
47    </application>
48
49</manifest>